2025-11-25 11:19:49.958 [info] Starting Python Locator /root/.vscode-server/extensions/ms-python.python-2025.18.0-linux-arm64/python-env-tools/bin/pet server
2025-11-25 11:19:49.959 [info] Discovered env: /dolfinx-env/bin/python
2025-11-25 11:19:50.393 [info] Discovered env: /bin/python3
2025-11-25 11:19:50.394 [info] Discovered env: /usr/bin/python3
2025-11-25 11:19:50.394 [info] Locator Conda took 53.424958ms
2025-11-25 11:19:50.394 [info] Locator Homebrew took 1.610375ms
2025-11-25 11:19:50.394 [info] Locator LinuxGlobal took 87.959583ms
2025-11-25 11:19:50.394 [info] Locator PipEnv took 21.625µs
2025-11-25 11:19:50.394 [info] Locator Pixi took 26.125µs
2025-11-25 11:19:50.394 [info] Locator Poetry took 4.949666ms
2025-11-25 11:19:50.394 [info] Locator PyEnv took 16.537375ms
2025-11-25 11:19:50.394 [info] Locator Venv took 17.5µs
2025-11-25 11:19:50.394 [info] Locator VirtualEnv took 5.417µs
2025-11-25 11:19:50.394 [info] Locator VirtualEnvWrapper took 8.5µs
2025-11-25 11:19:50.394 [info] Locator GlobalVirtualEnvs took 38.534875ms
2025-11-25 11:19:50.394 [info] Locator Locators took 97.9275ms
2025-11-25 11:19:50.394 [info] Locator Path took 117.559291ms
2025-11-25 11:19:50.394 [info] Locator Workspaces took 666ns
2025-11-25 11:19:50.394 [info] Refresh completed in 117ms
2025-11-25 11:19:50.428 [info] Resolved Python Environment /dolfinx-env/bin/python
2025-11-25 11:21:07.925 [info] Resolved Python Environment /dolfinx-env/bin/python
2025-11-25 11:21:24.521 [info] Discovered env: /dolfinx-env/bin/python
2025-11-25 11:21:24.524 [info] Discovered env: /usr/bin/python3
2025-11-25 11:21:24.526 [info] Discovered env: /bin/python3
2025-11-25 11:21:24.526 [info] Locator Conda took 24.642333ms
2025-11-25 11:21:24.526 [info] Locator Homebrew took 5.799166ms
2025-11-25 11:21:24.526 [info] Locator LinuxGlobal took 10.449416ms
2025-11-25 11:21:24.526 [info] Locator PipEnv took 24.959µs
2025-11-25 11:21:24.526 [info] Locator Pixi took 514.5µs
2025-11-25 11:21:24.526 [info] Locator Poetry took 9.921417ms
2025-11-25 11:21:24.526 [info] Locator PyEnv took 3.537292ms
2025-11-25 11:21:24.526 [info] Locator Venv took 7.416µs
2025-11-25 11:21:24.526 [info] Locator VirtualEnv took 1.768833ms
2025-11-25 11:21:24.526 [info] Locator VirtualEnvWrapper took 19.75µs
2025-11-25 11:21:24.526 [info] Locator GlobalVirtualEnvs took 20.066792ms
2025-11-25 11:21:24.526 [info] Locator Locators took 29.268541ms
2025-11-25 11:21:24.526 [info] Locator Path took 32.327959ms
2025-11-25 11:21:24.527 [info] Locator Workspaces took 12.441416ms
2025-11-25 11:21:24.527 [info] Refresh completed in 32ms
2025-11-25 11:24:21.636 [info] Resolved Python Environment /dolfinx-env/bin/python
2025-11-25 11:29:55.452 [info] Resolved Python Environment /dolfinx-env/bin/python
2025-11-25 11:33:36.582 [info] Resolved Python Environment /dolfinx-env/bin/python
2025-11-25 11:45:23.132 [info] Resolved Python Environment /dolfinx-env/bin/python
2025-11-25 11:45:57.173 [info] Resolved Python Environment /dolfinx-env/bin/python
2025-11-25 11:46:29.663 [info] Resolved Python Environment /dolfinx-env/bin/python
2025-11-25 11:53:46.265 [info] Resolved Python Environment /dolfinx-env/bin/python
2025-11-25 11:54:17.299 [info] Resolved Python Environment /dolfinx-env/bin/python
2025-11-25 11:54:53.402 [info] Resolved Python Environment /dolfinx-env/bin/python
2025-11-25 11:57:01.742 [info] Resolved Python Environment /dolfinx-env/bin/python
2025-11-25 11:58:12.439 [info] Resolved Python Environment /dolfinx-env/bin/python
2025-11-25 13:02:43.895 [info] Resolved Python Environment /dolfinx-env/bin/python
2025-11-25 13:04:01.225 [info] Resolved Python Environment /dolfinx-env/bin/python
2025-11-25 13:06:46.708 [info] Resolved Python Environment /dolfinx-env/bin/python
2025-11-25 13:21:33.976 [info] Resolved Python Environment /dolfinx-env/bin/python
2025-11-25 13:23:46.139 [info] Resolved Python Environment /dolfinx-env/bin/python
2025-11-25 13:27:07.733 [info] Resolved Python Environment /dolfinx-env/bin/python
2025-11-25 13:28:22.915 [info] Resolved Python Environment /dolfinx-env/bin/python
2025-11-25 13:32:26.887 [info] Resolved Python Environment /dolfinx-env/bin/python
2025-11-25 13:34:05.422 [info] Resolved Python Environment /dolfinx-env/bin/python
2025-11-25 13:36:01.661 [info] Resolved Python Environment /dolfinx-env/bin/python
2025-11-25 13:45:17.691 [info] Resolved Python Environment /dolfinx-env/bin/python
2025-11-25 13:51:00.880 [info] Resolved Python Environment /dolfinx-env/bin/python
2025-11-25 13:55:35.207 [info] Resolved Python Environment /dolfinx-env/bin/python
2025-11-25 13:59:40.907 [info] Resolved Python Environment /dolfinx-env/bin/python
2025-11-25 14:00:28.154 [info] Resolved Python Environment /dolfinx-env/bin/python
2025-11-25 14:01:14.001 [info] Resolved Python Environment /dolfinx-env/bin/python
2025-11-25 14:27:12.921 [info] Resolved Python Environment /dolfinx-env/bin/python
2025-11-25 14:30:16.436 [info] Resolved Python Environment /dolfinx-env/bin/python
2025-11-25 14:49:16.709 [info] Resolved Python Environment /dolfinx-env/bin/python
2025-11-25 14:49:57.850 [info] Resolved Python Environment /dolfinx-env/bin/python
2025-11-25 15:25:05.581 [info] Resolved Python Environment /dolfinx-env/bin/python
2025-11-25 15:36:21.568 [info] Resolved Python Environment /dolfinx-env/bin/python
2025-11-25 15:37:04.286 [info] Resolved Python Environment /dolfinx-env/bin/python
2025-11-25 15:49:07.688 [info] Resolved Python Environment /dolfinx-env/bin/python
2025-11-25 16:04:14.285 [info] Resolved Python Environment /dolfinx-env/bin/python
2025-11-25 16:07:17.915 [info] Resolved Python Environment /dolfinx-env/bin/python
2025-11-25 16:07:58.579 [info] Resolved Python Environment /dolfinx-env/bin/python
2025-11-25 16:30:22.994 [info] Resolved Python Environment /dolfinx-env/bin/python
2025-11-25 16:31:09.797 [info] Resolved Python Environment /dolfinx-env/bin/python
2025-11-25 16:39:25.548 [info] Resolved Python Environment /dolfinx-env/bin/python
2025-11-25 16:39:59.634 [info] Resolved Python Environment /dolfinx-env/bin/python
2025-11-25 16:48:20.475 [info] Resolved Python Environment /dolfinx-env/bin/python
2025-11-25 16:53:49.101 [info] Resolved Python Environment /dolfinx-env/bin/python
2025-11-25 16:54:22.467 [info] Resolved Python Environment /dolfinx-env/bin/python
2025-11-25 16:55:00.990 [info] Resolved Python Environment /dolfinx-env/bin/python
2025-11-25 16:58:34.806 [info] Resolved Python Environment /dolfinx-env/bin/python
2025-11-25 17:03:49.866 [info] Resolved Python Environment /dolfinx-env/bin/python
2025-11-25 17:04:22.241 [info] Resolved Python Environment /dolfinx-env/bin/python
2025-11-25 18:56:19.323 [info] Resolved Python Environment /dolfinx-env/bin/python
2025-11-25 18:58:49.023 [info] Resolved Python Environment /dolfinx-env/bin/python
2025-11-25 18:59:44.499 [info] Resolved Python Environment /dolfinx-env/bin/python
2025-11-25 19:08:18.650 [info] Resolved Python Environment /dolfinx-env/bin/python
2025-11-25 19:46:57.782 [info] Resolved Python Environment /dolfinx-env/bin/python
2025-11-25 19:49:55.124 [info] Resolved Python Environment /dolfinx-env/bin/python
2025-11-25 20:53:12.999 [info] Resolved Python Environment /dolfinx-env/bin/python
2025-11-25 21:06:54.511 [info] Resolved Python Environment /dolfinx-env/bin/python
2025-11-26 04:49:02.554 [info] Resolved Python Environment /dolfinx-env/bin/python
2025-11-26 04:50:15.607 [info] Resolved Python Environment /dolfinx-env/bin/python
2025-11-26 04:51:37.518 [info] Resolved Python Environment /dolfinx-env/bin/python
2025-11-26 04:52:47.989 [info] Resolved Python Environment /dolfinx-env/bin/python
2025-11-26 04:53:22.149 [info] Resolved Python Environment /dolfinx-env/bin/python
2025-11-26 04:58:11.698 [info] Resolved Python Environment /dolfinx-env/bin/python
2025-11-26 04:59:52.406 [info] Resolved Python Environment /dolfinx-env/bin/python
2025-11-26 08:01:17.224 [info] Resolved Python Environment /dolfinx-env/bin/python
2025-11-26 09:27:11.050 [info] Resolved Python Environment /dolfinx-env/bin/python
2025-11-26 09:27:56.700 [info] Resolved Python Environment /dolfinx-env/bin/python
2025-11-26 09:29:32.917 [info] Resolved Python Environment /dolfinx-env/bin/python
